executing config test SL
+ cd /home/ozzy/Projects/Hestia/config.tests/SL && /usr/bin/qmake6  -spec /usr/lib/x86_64-linux-gnu/qt6/mkspecs/linux-g++ "CONFIG -= qt debug_and_release app_bundle lib_bundle" /home/ozzy/Projects/Hestia/config.tests/SL
+ cd /home/ozzy/Projects/Hestia/config.tests/SL && MAKEFLAGS= make
> g++ -c -pipe -O2 -Wall -Wextra  -I. -I/usr/lib/x86_64-linux-gnu/qt6/mkspecs/linux-g++ -o main.o main.cpp
> main.cpp:1:10: fatal error: SLVideo.h: No such file or directory
>     1 | #include <SLVideo.h>
>       |          ^~~~~~~~~~~
> compilation terminated.
> make: *** [Makefile:336: main.o] Error 1
test SL FAILED
executing config test EGL
+ cd /home/ozzy/Projects/Hestia/config.tests/EGL && /usr/bin/qmake6  -spec /usr/lib/x86_64-linux-gnu/qt6/mkspecs/linux-g++ "CONFIG -= qt debug_and_release app_bundle lib_bundle" /home/ozzy/Projects/Hestia/config.tests/EGL
+ cd /home/ozzy/Projects/Hestia/config.tests/EGL && MAKEFLAGS= make
> g++ -c -pipe -O2 -Wall -Wextra -D_REENTRANT -I. -I/usr/include/SDL2 -I/usr/include/x86_64-linux-gnu -I/usr/lib/x86_64-linux-gnu/qt6/mkspecs/linux-g++ -o main.o main.cpp
> g++ -Wl,-O1 -o EGL  main.o   -lSDL2 -lEGL -lavcodec -lavutil   
test EGL succeeded
executing config test SL
+ cd /home/ozzy/Projects/Hestia/config.tests/SL && /usr/bin/qmake6  -spec /usr/lib/x86_64-linux-gnu/qt6/mkspecs/linux-g++ "CONFIG -= qt debug_and_release app_bundle lib_bundle" /home/ozzy/Projects/Hestia/config.tests/SL
+ cd /home/ozzy/Projects/Hestia/config.tests/SL && MAKEFLAGS= make
> g++ -c -pipe -O2 -Wall -Wextra  -I. -I/usr/lib/x86_64-linux-gnu/qt6/mkspecs/linux-g++ -o main.o main.cpp
> main.cpp:1:10: fatal error: SLVideo.h: No such file or directory
>     1 | #include <SLVideo.h>
>       |          ^~~~~~~~~~~
> compilation terminated.
> make: *** [Makefile:336: main.o] Error 1
test SL FAILED
executing config test EGL
+ cd /home/ozzy/Projects/Hestia/config.tests/EGL && /usr/bin/qmake6  -spec /usr/lib/x86_64-linux-gnu/qt6/mkspecs/linux-g++ "CONFIG -= qt debug_and_release app_bundle lib_bundle" /home/ozzy/Projects/Hestia/config.tests/EGL
+ cd /home/ozzy/Projects/Hestia/config.tests/EGL && MAKEFLAGS= make
> make: Nothing to be done for 'first'.
test EGL succeeded
